* Starting client
* Connecting to master process on port 6595
* Analyzing classpath: 
  - /home/iartes/Downloads/airsonic-master/subsonic-rest-api/target/classes
  - /home/iartes/.m2/repository/jakarta/xml/bind/jakarta.xml.bind-api/2.3.3/jakarta.xml.bind-api-2.3.3.jar
  - /home/iartes/.m2/repository/jakarta/activation/jakarta.activation-api/1.2.2/jakarta.activation-api-1.2.2.jar
  - /home/iartes/.m2/repository/junit/junit/4.12/junit-4.12.jar
  - /home/iartes/.m2/repository/org/hamcrest/hamcrest-core/2.1/hamcrest-core-2.1.jar
  - /home/iartes/.m2/repository/org/hamcrest/hamcrest/2.1/hamcrest-2.1.jar
* Finished analyzing classpath
* Generating tests for class org.subsonic.restapi.Playlist
* Test criteria:
  - Line Coverage
  - Branch Coverage
  - Exception
  - Mutation testing (weak)
  - Method-Output Coverage
  - Top-Level Method Coverage
  - No-Exception Top-Level Method Coverage
  - Context Branch Coverage
* Setting up search algorithm for whole suite generation
[MASTER] 11:40:48.095 [pool-2-thread-1] WARN  TestSuiteSerialization - Cannot load tests because file does not exist: /home/iartes/Downloads/airsonic-master/subsonic-rest-api/.evosuite/evosuite-seeds/org.subsonic.restapi.Playlist.seed
* Loaded 0 tests from /home/iartes/Downloads/airsonic-master/subsonic-rest-api/.evosuite/evosuite-seeds/org.subsonic.restapi.Playlist.seed
* Total number of test goals: 
  - Line 34
  - Branch 23
  - Exception 0
  - MutationFactory 71
  - Output 34
  - Method 22
  - MethodNoException 22
  - CBranchFitnessFactory 23
* Using seed 1712590847162
* Starting evolution
* Search finished after 69s and 3145 generations, 1164857 statements, best individual has fitness: 9.0
* Writing sequences to pool
* Minimizing test suite
* Going to analyze the coverage criteria
* Coverage analysis for criterion LINE
* Coverage of criterion LINE: 100%
* Total number of goals: 34
* Number of covered goals: 34
* Coverage analysis for criterion BRANCH
* Coverage of criterion BRANCH: 100%
* Total number of goals: 23
* Number of covered goals: 23
* Coverage analysis for criterion EXCEPTION
* Coverage of criterion EXCEPTION: 100% (no goals)
* Coverage analysis for criterion WEAKMUTATION
* Coverage of criterion WEAKMUTATION: 92%
* Total number of goals: 71
* Number of covered goals: 65
* Coverage analysis for criterion OUTPUT
* Coverage of criterion OUTPUT: 85%
* Total number of goals: 34
* Number of covered goals: 29
* Coverage analysis for criterion METHOD
* Coverage of criterion METHOD: 100%
* Total number of goals: 22
* Number of covered goals: 22
* Coverage analysis for criterion METHODNOEXCEPTION
* Coverage of criterion METHODNOEXCEPTION: 100%
* Total number of goals: 22
* Number of covered goals: 22
* Coverage analysis for criterion CBRANCH
* Coverage of criterion CBRANCH: 100%
* Total number of goals: 23
* Number of covered goals: 23
* Generated 32 tests with total length 87
* Resulting test suite's coverage: 97% (average coverage for all fitness functions)
* Generating assertions
* Resulting test suite's mutation score: 77%
* Compiling and checking tests
* Writing JUnit test case 'Playlist_ESTest' to /home/iartes/Downloads/airsonic-master/subsonic-rest-api/.evosuite/tmp_2024_04_08_10_48_15/tests
* Done!

