* Starting client
* Connecting to master process on port 14875
* Analyzing classpath: 
  - /home/iartes/Downloads/airsonic-master/airsonic-sonos-api/target/classes
  - /home/iartes/.m2/repository/jakarta/xml/bind/jakarta.xml.bind-api/2.3.3/jakarta.xml.bind-api-2.3.3.jar
  - /home/iartes/.m2/repository/jakarta/activation/jakarta.activation-api/1.2.2/jakarta.activation-api-1.2.2.jar
  - /home/iartes/.m2/repository/jakarta/xml/ws/jakarta.xml.ws-api/2.3.3/jakarta.xml.ws-api-2.3.3.jar
  - /home/iartes/.m2/repository/jakarta/xml/soap/jakarta.xml.soap-api/1.4.2/jakarta.xml.soap-api-1.4.2.jar
  - /home/iartes/.m2/repository/jakarta/jws/jakarta.jws-api/1.1.1/jakarta.jws-api-1.1.1.jar
  - /home/iartes/.m2/repository/junit/junit/4.12/junit-4.12.jar
  - /home/iartes/.m2/repository/org/hamcrest/hamcrest-core/2.1/hamcrest-core-2.1.jar
  - /home/iartes/.m2/repository/org/hamcrest/hamcrest/2.1/hamcrest-2.1.jar
* Finished analyzing classpath
* Generating tests for class com.sonos.services._1.RadioTrackList
* Test criteria:
  - Line Coverage
  - Branch Coverage
  - Exception
  - Mutation testing (weak)
  - Method-Output Coverage
  - Top-Level Method Coverage
  - No-Exception Top-Level Method Coverage
  - Context Branch Coverage
* Setting up search algorithm for whole suite generation
[MASTER] 10:18:42.473 [pool-2-thread-1] WARN  TestSuiteSerialization - Cannot load tests because file does not exist: /home/iartes/Downloads/airsonic-master/airsonic-sonos-api/.evosuite/evosuite-seeds/com.sonos.services._1.RadioTrackList.seed
* Loaded 0 tests from /home/iartes/Downloads/airsonic-master/airsonic-sonos-api/.evosuite/evosuite-seeds/com.sonos.services._1.RadioTrackList.seed
* Total number of test goals: 
  - Line 13
  - Branch 9
  - Exception 0
  - MutationFactory 14
  - Output 15
  - Method 8
  - MethodNoException 8
  - CBranchFitnessFactory 9
* Using seed 1712585921551
* Starting evolution
* Search finished after 157s and 9794 generations, 3367393 statements, best individual has fitness: 4.0
* Writing sequences to pool
* Minimizing test suite
* Going to analyze the coverage criteria
* Coverage analysis for criterion LINE
* Coverage of criterion LINE: 100%
* Total number of goals: 13
* Number of covered goals: 13
* Coverage analysis for criterion BRANCH
* Coverage of criterion BRANCH: 100%
* Total number of goals: 9
* Number of covered goals: 9
* Coverage analysis for criterion EXCEPTION
* Coverage of criterion EXCEPTION: 100% (no goals)
* Coverage analysis for criterion WEAKMUTATION
* Coverage of criterion WEAKMUTATION: 100%
* Total number of goals: 14
* Number of covered goals: 14
* Coverage analysis for criterion OUTPUT
* Coverage of criterion OUTPUT: 80%
* Total number of goals: 15
* Number of covered goals: 12
* Coverage analysis for criterion METHOD
* Coverage of criterion METHOD: 100%
* Total number of goals: 8
* Number of covered goals: 8
* Coverage analysis for criterion METHODNOEXCEPTION
* Coverage of criterion METHODNOEXCEPTION: 100%
* Total number of goals: 8
* Number of covered goals: 8
* Coverage analysis for criterion CBRANCH
* Coverage of criterion CBRANCH: 100%
* Total number of goals: 9
* Number of covered goals: 9
* Generated 11 tests with total length 33
* Resulting test suite's coverage: 98% (average coverage for all fitness functions)
* Generating assertions
* Resulting test suite's mutation score: 100%
* Compiling and checking tests
* Writing JUnit test case 'RadioTrackList_ESTest' to /home/iartes/Downloads/airsonic-master/airsonic-sonos-api/.evosuite/tmp_2024_04_08_09_29_18/tests
* Done!

