* Starting client
* Connecting to master process on port 8656
* Analyzing classpath: 
  - /home/iartes/Downloads/airsonic-master/airsonic-sonos-api/target/classes
  - /home/iartes/.m2/repository/jakarta/xml/bind/jakarta.xml.bind-api/2.3.3/jakarta.xml.bind-api-2.3.3.jar
  - /home/iartes/.m2/repository/jakarta/activation/jakarta.activation-api/1.2.2/jakarta.activation-api-1.2.2.jar
  - /home/iartes/.m2/repository/jakarta/xml/ws/jakarta.xml.ws-api/2.3.3/jakarta.xml.ws-api-2.3.3.jar
  - /home/iartes/.m2/repository/jakarta/xml/soap/jakarta.xml.soap-api/1.4.2/jakarta.xml.soap-api-1.4.2.jar
  - /home/iartes/.m2/repository/jakarta/jws/jakarta.jws-api/1.1.1/jakarta.jws-api-1.1.1.jar
  - /home/iartes/.m2/repository/junit/junit/4.12/junit-4.12.jar
  - /home/iartes/.m2/repository/org/hamcrest/hamcrest-core/2.1/hamcrest-core-2.1.jar
  - /home/iartes/.m2/repository/org/hamcrest/hamcrest/2.1/hamcrest-2.1.jar
* Finished analyzing classpath
* Generating tests for class com.sonos.services._1.UserAccountStatus
* Test criteria:
  - Line Coverage
  - Branch Coverage
  - Exception
  - Mutation testing (weak)
  - Method-Output Coverage
  - Top-Level Method Coverage
  - No-Exception Top-Level Method Coverage
  - Context Branch Coverage
* Setting up search algorithm for whole suite generation
[MASTER] 09:53:40.423 [pool-2-thread-1] WARN  TestSuiteSerialization - Cannot load tests because file does not exist: /home/iartes/Downloads/airsonic-master/airsonic-sonos-api/.evosuite/evosuite-seeds/com.sonos.services._1.UserAccountStatus.seed
* Loaded 0 tests from /home/iartes/Downloads/airsonic-master/airsonic-sonos-api/.evosuite/evosuite-seeds/com.sonos.services._1.UserAccountStatus.seed
* Total number of test goals: 
  - Line 8
  - Branch 5
  - Exception 0
  - MutationFactory 13
  - Output 10
  - Method 2
  - MethodNoException 2
  - CBranchFitnessFactory 5
* Using seed 1712584419500
* Starting evolution
* Search finished after 284s and 28238 generations, 1844089 statements, best individual has fitness: 8.74999952223175
* Writing sequences to pool
* Minimizing test suite
* Going to analyze the coverage criteria
* Coverage analysis for criterion LINE
* Coverage of criterion LINE: 62%
* Total number of goals: 8
* Number of covered goals: 5
* Coverage analysis for criterion BRANCH
* Coverage of criterion BRANCH: 100%
* Total number of goals: 5
* Number of covered goals: 5
* Coverage analysis for criterion EXCEPTION
* Coverage of criterion EXCEPTION: 100%
* Total number of goals: 1
* Number of covered goals: 1
* Coverage analysis for criterion WEAKMUTATION
* Coverage of criterion WEAKMUTATION: 85%
* Total number of goals: 13
* Number of covered goals: 11
* Coverage analysis for criterion OUTPUT
* Coverage of criterion OUTPUT: 40%
* Total number of goals: 10
* Number of covered goals: 4
* Coverage analysis for criterion METHOD
* Coverage of criterion METHOD: 100%
* Total number of goals: 2
* Number of covered goals: 2
* Coverage analysis for criterion METHODNOEXCEPTION
* Coverage of criterion METHODNOEXCEPTION: 100%
* Total number of goals: 2
* Number of covered goals: 2
* Coverage analysis for criterion CBRANCH
* Coverage of criterion CBRANCH: 100%
* Total number of goals: 5
* Number of covered goals: 5
* Generated 5 tests with total length 6
* Resulting test suite's coverage: 86% (average coverage for all fitness functions)
* Generating assertions
* Resulting test suite's mutation score: 69%
* Compiling and checking tests
* Writing JUnit test case 'UserAccountStatus_ESTest' to /home/iartes/Downloads/airsonic-master/airsonic-sonos-api/.evosuite/tmp_2024_04_08_09_29_18/tests
* Done!

