* Starting client
* Connecting to master process on port 6947
* Analyzing classpath: 
  - /home/iartes/Downloads/airsonic-master/airsonic-sonos-api/target/classes
  - /home/iartes/.m2/repository/jakarta/xml/bind/jakarta.xml.bind-api/2.3.3/jakarta.xml.bind-api-2.3.3.jar
  - /home/iartes/.m2/repository/jakarta/activation/jakarta.activation-api/1.2.2/jakarta.activation-api-1.2.2.jar
  - /home/iartes/.m2/repository/jakarta/xml/ws/jakarta.xml.ws-api/2.3.3/jakarta.xml.ws-api-2.3.3.jar
  - /home/iartes/.m2/repository/jakarta/xml/soap/jakarta.xml.soap-api/1.4.2/jakarta.xml.soap-api-1.4.2.jar
  - /home/iartes/.m2/repository/jakarta/jws/jakarta.jws-api/1.1.1/jakarta.jws-api-1.1.1.jar
  - /home/iartes/.m2/repository/junit/junit/4.12/junit-4.12.jar
  - /home/iartes/.m2/repository/org/hamcrest/hamcrest-core/2.1/hamcrest-core-2.1.jar
  - /home/iartes/.m2/repository/org/hamcrest/hamcrest/2.1/hamcrest-2.1.jar
* Finished analyzing classpath
* Generating tests for class com.sonos.services._1.GetMediaURIResponse
* Test criteria:
  - Line Coverage
  - Branch Coverage
  - Exception
  - Mutation testing (weak)
  - Method-Output Coverage
  - Top-Level Method Coverage
  - No-Exception Top-Level Method Coverage
  - Context Branch Coverage
* Setting up search algorithm for whole suite generation
[MASTER] 10:28:42.769 [pool-2-thread-1] WARN  TestSuiteSerialization - Cannot load tests because file does not exist: /home/iartes/Downloads/airsonic-master/airsonic-sonos-api/.evosuite/evosuite-seeds/com.sonos.services._1.GetMediaURIResponse.seed
* Loaded 0 tests from /home/iartes/Downloads/airsonic-master/airsonic-sonos-api/.evosuite/evosuite-seeds/com.sonos.services._1.GetMediaURIResponse.seed
* Total number of test goals: 
  - Line 25
  - Branch 17
  - Exception 0
  - MutationFactory 24
  - Output 41
  - Method 17
  - MethodNoException 17
  - CBranchFitnessFactory 17
* Using seed 1712586521779
* Starting evolution
* Search finished after 3s and 20 generations, 10856 statements, best individual has fitness: 1.0
* Writing sequences to pool
* Minimizing test suite
* Going to analyze the coverage criteria
* Coverage analysis for criterion LINE
* Coverage of criterion LINE: 100%
* Total number of goals: 25
* Number of covered goals: 25
* Coverage analysis for criterion BRANCH
* Coverage of criterion BRANCH: 100%
* Total number of goals: 17
* Number of covered goals: 17
* Coverage analysis for criterion EXCEPTION
* Coverage of criterion EXCEPTION: 100% (no goals)
* Coverage analysis for criterion WEAKMUTATION
* Coverage of criterion WEAKMUTATION: 100%
* Total number of goals: 24
* Number of covered goals: 24
* Coverage analysis for criterion OUTPUT
* Coverage of criterion OUTPUT: 100%
* Total number of goals: 41
* Number of covered goals: 41
* Coverage analysis for criterion METHOD
* Coverage of criterion METHOD: 100%
* Total number of goals: 17
* Number of covered goals: 17
* Coverage analysis for criterion METHODNOEXCEPTION
* Coverage of criterion METHODNOEXCEPTION: 100%
* Total number of goals: 17
* Number of covered goals: 17
* Coverage analysis for criterion CBRANCH
* Coverage of criterion CBRANCH: 100%
* Total number of goals: 17
* Number of covered goals: 17
* Generated 28 tests with total length 92
* Resulting test suite's coverage: 100% (average coverage for all fitness functions)
* Generating assertions
* Resulting test suite's mutation score: 83%
* Compiling and checking tests
* Writing JUnit test case 'GetMediaURIResponse_ESTest' to /home/iartes/Downloads/airsonic-master/airsonic-sonos-api/.evosuite/tmp_2024_04_08_09_29_18/tests
* Done!

