* Starting client
* Connecting to master process on port 17783
* Analyzing classpath: 
  - /home/iartes/Downloads/airsonic-master/airsonic-sonos-api/target/classes
  - /home/iartes/.m2/repository/jakarta/xml/bind/jakarta.xml.bind-api/2.3.3/jakarta.xml.bind-api-2.3.3.jar
  - /home/iartes/.m2/repository/jakarta/activation/jakarta.activation-api/1.2.2/jakarta.activation-api-1.2.2.jar
  - /home/iartes/.m2/repository/jakarta/xml/ws/jakarta.xml.ws-api/2.3.3/jakarta.xml.ws-api-2.3.3.jar
  - /home/iartes/.m2/repository/jakarta/xml/soap/jakarta.xml.soap-api/1.4.2/jakarta.xml.soap-api-1.4.2.jar
  - /home/iartes/.m2/repository/jakarta/jws/jakarta.jws-api/1.1.1/jakarta.jws-api-1.1.1.jar
  - /home/iartes/.m2/repository/junit/junit/4.12/junit-4.12.jar
  - /home/iartes/.m2/repository/org/hamcrest/hamcrest-core/2.1/hamcrest-core-2.1.jar
  - /home/iartes/.m2/repository/org/hamcrest/hamcrest/2.1/hamcrest-2.1.jar
* Finished analyzing classpath
* Generating tests for class com.sonos.services._1_1.CustomFault
* Test criteria:
  - Line Coverage
  - Branch Coverage
  - Exception
  - Mutation testing (weak)
  - Method-Output Coverage
  - Top-Level Method Coverage
  - No-Exception Top-Level Method Coverage
  - Context Branch Coverage
* Setting up search algorithm for whole suite generation
[MASTER] 10:28:34.673 [pool-2-thread-1] WARN  TestSuiteSerialization - Cannot load tests because file does not exist: /home/iartes/Downloads/airsonic-master/airsonic-sonos-api/.evosuite/evosuite-seeds/com.sonos.services._1_1.CustomFault.seed
* Loaded 0 tests from /home/iartes/Downloads/airsonic-master/airsonic-sonos-api/.evosuite/evosuite-seeds/com.sonos.services._1_1.CustomFault.seed
* Total number of test goals: 
  - Line 13
  - Branch 6
  - Exception 0
  - MutationFactory 0
  - Output 2
  - Method 6
  - MethodNoException 6
  - CBranchFitnessFactory 6
* Using seed 1712586513641
* Starting evolution
* Search finished after 1s and 0 generations, 2938 statements, best individual has fitness: 1.0
* Writing sequences to pool
* Minimizing test suite
* Going to analyze the coverage criteria
* Coverage analysis for criterion LINE
* Coverage of criterion LINE: 100%
* Total number of goals: 13
* Number of covered goals: 13
* Coverage analysis for criterion BRANCH
* Coverage of criterion BRANCH: 100%
* Total number of goals: 6
* Number of covered goals: 6
* Coverage analysis for criterion EXCEPTION
* Coverage of criterion EXCEPTION: 100% (no goals)
* Coverage analysis for criterion WEAKMUTATION
* Coverage of criterion WEAKMUTATION: 100% (no goals)
* Coverage analysis for criterion OUTPUT
* Coverage of criterion OUTPUT: 100%
* Total number of goals: 2
* Number of covered goals: 2
* Coverage analysis for criterion METHOD
* Coverage of criterion METHOD: 100%
* Total number of goals: 6
* Number of covered goals: 6
* Coverage analysis for criterion METHODNOEXCEPTION
* Coverage of criterion METHODNOEXCEPTION: 100%
* Total number of goals: 6
* Number of covered goals: 6
* Coverage analysis for criterion CBRANCH
* Coverage of criterion CBRANCH: 100%
* Total number of goals: 6
* Number of covered goals: 6
* Generated 5 tests with total length 13
* Resulting test suite's coverage: 100% (average coverage for all fitness functions)
* Generating assertions
* Resulting test suite's mutation score: 100%
* Compiling and checking tests
* Permissions denied during test execution: 
  - java.lang.RuntimePermission: 
         writeFileDescriptor: 1
* Writing JUnit test case 'CustomFault_ESTest' to /home/iartes/Downloads/airsonic-master/airsonic-sonos-api/.evosuite/tmp_2024_04_08_09_29_18/tests
* Done!

